<?xml version="1.0" encoding="UTF-8"?>
<!-- Generated by org.testng.reporters.JUnitReportReporter -->
<testsuite skipped="0" hostname="DESKTOP-4V6HO8F" name="Post.PostRequestValidation" tests="5" failures="0" timestamp="2021-01-25T00:03:27 IST" time="7.209" errors="0">
  <testcase name="ResourceCreationwithInvalidData" time="0.783" classname="Post.PostRequestValidation"/>
  <system-out>
{"id":"5","createdAt":"2021-01-24T18:33:24.589Z"}  </system-out>
  <testcase name="ResourceCreationWithNoBody" time="3.592" classname="Post.PostRequestValidation"/>
  <system-out>
{"id":"897","createdAt":"2021-01-24T18:33:22.757Z"}  </system-out>
  <testcase name="ResourceCreationwithValidData" time="0.787" classname="Post.PostRequestValidation"/>
  <system-out>
{"id":"888","createdAt":"2021-01-24T18:33:25.403Z"}  </system-out>
  <testcase name="VerifyResourceCreationResponse" time="1.249" classname="Post.PostRequestValidation"/>
  <system-out>
{"id":"851","createdAt":"2021-01-24T18:33:26.174Z"}  </system-out>
  <testcase name="ResourceCreationWithNullData" time="0.798" classname="Post.PostRequestValidation"/>
  <system-out>
{"id":"757","createdAt":"2021-01-24T18:33:23.804Z"}  </system-out>
</testsuite> <!-- Post.PostRequestValidation -->
