<?xml version="1.0" encoding="UTF-8"?>
<!-- Generated by org.testng.reporters.JUnitReportReporter -->
<testsuite skipped="0" hostname="DESKTOP-4V6HO8F" name="api.NewTest" tests="1" failures="0" timestamp="2021-01-25T18:57:57 IST" time="3.955" errors="0">
  <testcase name="verifyingGetResponseWithMultipleParameters" time="3.955" classname="api.NewTest"/>
  <system-out>
{"data":{"id":2,"email":"janet.weaver@reqres.in","first_name":"Janet","last_name":"Weaver","avatar":"https://reqres.in/img/faces/2-image.jpg"},"support":{"url":"https://reqres.in/#support-heading","text":"To keep ReqRes free, contributions towards server costs are appreciated!"}}  </system-out>
</testsuite> <!-- api.NewTest -->
