<?xml version="1.0" encoding="UTF-8"?>
<!-- Generated by org.testng.reporters.JUnitReportReporter -->
<testsuite skipped="0" hostname="DESKTOP-4V6HO8F" name="api.PostRequestValidation" tests="5" failures="0" timestamp="2021-01-25T19:43:17 IST" time="7.111" errors="0">
  <testcase name="ResourceCreationWithNoBody" time="0.798" classname="api.PostRequestValidation"/>
  <system-out>
{"id":"978","createdAt":"2021-01-25T14:13:10.022Z"}  </system-out>
  <testcase name="ResourceCreationwithValidData" time="0.610" classname="api.PostRequestValidation"/>
  <system-out>
{"id":"669","createdAt":"2021-01-25T14:13:15.864Z"}  </system-out>
  <testcase name="ResourceCreationwithInvalidData" time="2.165" classname="api.PostRequestValidation"/>
  <system-out>
{"id":"898","createdAt":"2021-01-25T14:13:15.105Z"}  </system-out>
  <testcase name="ResourceCreationWithNullData" time="2.984" classname="api.PostRequestValidation"/>
  <system-out>
{"id":"217","createdAt":"2021-01-25T14:13:12.788Z"}  </system-out>
  <testcase name="VerifyResourceCreationResponse" time="0.554" classname="api.PostRequestValidation"/>
  <system-out>
{"id":"643","createdAt":"2021-01-25T14:13:16.337Z"}  </system-out>
</testsuite> <!-- api.PostRequestValidation -->
