<?xml version="1.0" encoding="UTF-8"?>
<!-- Generated by org.testng.reporters.JUnitReportReporter -->
<testsuite skipped="0" hostname="DESKTOP-4V6HO8F" name="Post.NewTest" tests="1" failures="0" timestamp="2021-01-24T23:14:30 IST" time="4.178" errors="0">
  <testcase name="f" time="4.178" classname="Post.NewTest"/>
  <system-out/>
</testsuite> <!-- Post.NewTest -->
